<?xml version="1.0" encoding="UTF-8"?>
<!-- Generated by org.testng.reporters.JUnitReportReporter -->
<testsuite hostname="HP15s" failures="0" tests="1" name="e_Commerce.Ajio" time="44.435" errors="0" timestamp="2023-08-24T16:12:50 IST" skipped="0">
  <testcase classname="e_Commerce.Ajio" name="ajioTest" time="44.435"/>
  <system-out>
    <![CDATA[Opening Ajio]]>
  </system-out>
</testsuite> <!-- e_Commerce.Ajio -->
