<?xml version="1.0" encoding="UTF-8"?>
<!-- Generated by org.testng.reporters.JUnitReportReporter -->
<testsuite hostname="HP15s" failures="0" tests="1" name="e_Commerce.Ajio" time="10.535" errors="0" timestamp="2023-08-27T10:48:05 IST" skipped="0">
  <testcase classname="e_Commerce.Ajio" name="ajioTest" time="10.535"/>
  <system-out>
    <![CDATA[Opening Ajio]]>
  </system-out>
</testsuite> <!-- e_Commerce.Ajio -->
