<?xml version="1.0" encoding="UTF-8"?>
<!-- Generated by org.testng.reporters.JUnitReportReporter -->
<testsuite hostname="HP15s" failures="0" tests="1" name="e_Commerce.Amazon" time="4.619" errors="0" timestamp="2023-08-27T10:48:05 IST" skipped="0">
  <testcase classname="e_Commerce.Amazon" name="amazonTest" time="4.619"/>
  <system-out>
    <![CDATA[Opening Amazon]]>
  </system-out>
</testsuite> <!-- e_Commerce.Amazon -->
