<?xml version="1.0" encoding="UTF-8"?>
<!-- Generated by org.testng.reporters.JUnitReportReporter -->
<testsuite hostname="HP15s" failures="0" tests="1" name="e_Commerce.Flipkart" time="17.044" errors="0" timestamp="2023-08-27T10:48:05 IST" skipped="0">
  <testcase classname="e_Commerce.Flipkart" name="flipkartTest" time="17.044"/>
  <system-out>
    <![CDATA[Opening Flipkart]]>
  </system-out>
</testsuite> <!-- e_Commerce.Flipkart -->
